<?xml version="1.0" encoding="UTF-8"?>
<testng-results ignored="0" total="1" passed="1" failed="0" skipped="0">
  <reporter-output>
  </reporter-output>
  <suite started-at="2023-06-07T12:42:26 IST" name="Default suite" finished-at="2023-06-07T12:42:35 IST" duration-ms="9028">
    <groups>
    </groups>
    <test started-at="2023-06-07T12:42:26 IST" name="Default test" finished-at="2023-06-07T12:42:35 IST" duration-ms="9028">
      <class name="Tests.LoginTest">
        <test-method is-config="true" signature="setup()[pri:0, instance:Tests.LoginTest@6069db50]" started-at="2023-06-07T12:42:26 IST" name="setup" finished-at="2023-06-07T12:42:33 IST" duration-ms="7154" status="PASS">
          <reporter-output>
          </reporter-output>
        </test-method> <!-- setup -->
        <test-method signature="loginmethod()[pri:0, instance:Tests.LoginTest@6069db50]" started-at="2023-06-07T12:42:33 IST" name="loginmethod" finished-at="2023-06-07T12:42:35 IST" duration-ms="1688" status="PASS">
          <reporter-output>
          </reporter-output>
        </test-method> <!-- loginmethod -->
        <test-method is-config="true" signature="teardown()[pri:0, instance:Tests.LoginTest@6069db50]" started-at="2023-06-07T12:42:35 IST" name="teardown" finished-at="2023-06-07T12:42:35 IST" duration-ms="155" status="PASS">
          <reporter-output>
          </reporter-output>
        </test-method> <!-- teardown -->
      </class> <!-- Tests.LoginTest -->
    </test> <!-- Default test -->
  </suite> <!-- Default suite -->
</testng-results>
